# JRE version: OpenJDK Runtime Environment Temurin-22.0.2+9 (22.0.2+9) (build 22.0.2+9)
# Java VM: OpenJDK 64-Bit Server VM Temurin-22.0.2+9 (22.0.2+9, mixed mode, emulated-client, tiered, compressed oops, compressed class ptrs, g1 gc, windows-amd64)
GC Precious Log:
 CardTable entry size: 512
 Card Set container configuration: InlinePtr #cards 4 size 8 Array Of Cards #cards 16 size 48 Howl #buckets 8 coarsen threshold 3686 Howl Bitmap #cards 512 size 80 coarsen threshold 460 Card regions per heap region 1 cards per card region 4096
 CPUs: 8 total, 8 available
 Memory: 16107M
 Large Page Support: Disabled
 NUMA Support: Disabled
 Compressed Oops: Enabled (Zero based)
 Heap Region Size: 2M
 Heap Min Capacity: 8M
 Heap Initial Capacity: 252M
 Heap Max Capacity: 4028M
 Pre-touch: Disabled
 Parallel Workers: 8
 Concurrent Workers: 2
 Concurrent Refinement Workers: 8
 Periodic GC: Disabled
Heap:
 garbage-first heap   total reserved 4124672K, committed 98304K, used 53089K [0x0000000704400000, 0x0000000800000000)
  region size 2048K, 13 young (26624K), 3 survivors (6144K)
 Metaspace       used 66168K, committed 66816K, reserved 1114112K
  class space    used 8023K, committed 8320K, reserved 1048576K
GC Heap History (20 events):
Event: 358.341 GC heap before
{Heap before GC invocations=18 (full 0):
 garbage-first heap   total reserved 4124672K, committed 98304K, used 83768K [0x0000000704400000, 0x0000000800000000)
  region size 2048K, 27 young (55296K), 3 survivors (6144K)
 Metaspace       used 64037K, committed 64576K, reserved 1114112K
  class space    used 7751K, committed 8000K, reserved 1048576K
}
Event: 358.345 GC heap after
{Heap after GC invocations=19 (full 0):
 garbage-first heap   total reserved 4124672K, committed 98304K, used 35954K [0x0000000704400000, 0x0000000800000000)
  region size 2048K, 3 young (6144K), 3 survivors (6144K)
 Metaspace       used 64037K, committed 64576K, reserved 1114112K
  class space    used 7751K, committed 8000K, reserved 1048576K
}
Event: 910.627 GC heap before
{Heap before GC invocations=19 (full 0):
 garbage-first heap   total reserved 4124672K, committed 98304K, used 83058K [0x0000000704400000, 0x0000000800000000)
  region size 2048K, 27 young (55296K), 3 survivors (6144K)
 Metaspace       used 65623K, committed 66240K, reserved 1114112K
  class space    used 7954K, committed 8256K, reserved 1048576K
}
Event: 910.641 GC heap after
{Heap after GC invocations=20 (full 0):
 garbage-first heap   total reserved 4124672K, committed 98304K, used 36696K [0x0000000704400000, 0x0000000800000000)
  region size 2048K, 3 young (6144K), 3 survivors (6144K)
 Metaspace       used 65623K, committed 66240K, reserved 1114112K
  class space    used 7954K, committed 8256K, reserved 1048576K
}
Event: 2562.695 GC heap before
{Heap before GC invocations=20 (full 0):
 garbage-first heap   total reserved 4124672K, committed 98304K, used 83800K [0x0000000704400000, 0x0000000800000000)
  region size 2048K, 26 young (53248K), 3 survivors (6144K)
 Metaspace       used 65643K, committed 66304K, reserved 1114112K
  class space    used 7959K, committed 8256K, reserved 1048576K
}
Event: 2562.700 GC heap after
{Heap after GC invocations=21 (full 0):
 garbage-first heap   total reserved 4124672K, committed 98304K, used 37245K [0x0000000704400000, 0x0000000800000000)
  region size 2048K, 3 young (6144K), 3 survivors (6144K)
 Metaspace       used 65643K, committed 66304K, reserved 1114112K
  class space    used 7959K, committed 8256K, reserved 1048576K
}
Event: 2649.814 GC heap before
{Heap before GC invocations=21 (full 0):
 garbage-first heap   total reserved 4124672K, committed 98304K, used 41341K [0x0000000704400000, 0x0000000800000000)
  region size 2048K, 6 young (12288K), 3 survivors (6144K)
 Metaspace       used 65769K, committed 66368K, reserved 1114112K
  class space    used 7983K, committed 8256K, reserved 1048576K
}
Event: 2649.862 GC heap after
{Heap after GC invocations=22 (full 1):
 garbage-first heap   total reserved 4124672K, committed 98304K, used 26369K [0x0000000704400000, 0x0000000800000000)
  region size 2048K, 0 young (0K), 0 survivors (0K)
 Metaspace       used 65609K, committed 66368K, reserved 1114112K
  class space    used 7948K, committed 8256K, reserved 1048576K
}
Event: 2650.832 GC heap before
{Heap before GC invocations=22 (full 1):
 garbage-first heap   total reserved 4124672K, committed 98304K, used 81665K [0x0000000704400000, 0x0000000800000000)
  region size 2048K, 28 young (57344K), 0 survivors (0K)
 Metaspace       used 65805K, committed 66432K, reserved 1114112K
  class space    used 7997K, committed 8256K, reserved 1048576K
}
Event: 2650.836 GC heap after
{Heap after GC invocations=23 (full 1):
 garbage-first heap   total reserved 4124672K, committed 98304K, used 30158K [0x0000000704400000, 0x0000000800000000)
  region size 2048K, 2 young (4096K), 2 survivors (4096K)
 Metaspace       used 65805K, committed 66432K, reserved 1114112K
  class space    used 7997K, committed 8256K, reserved 1048576K
}
Event: 2660.603 GC heap before
{Heap before GC invocations=24 (full 1):
 garbage-first heap   total reserved 4124672K, committed 98304K, used 81358K [0x0000000704400000, 0x0000000800000000)
  region size 2048K, 28 young (57344K), 2 survivors (4096K)
 Metaspace       used 66001K, committed 66688K, reserved 1114112K
  class space    used 8017K, committed 8320K, reserved 1048576K
}
Event: 2660.609 GC heap after
{Heap after GC invocations=25 (full 1):
 garbage-first heap   total reserved 4124672K, committed 98304K, used 35132K [0x0000000704400000, 0x0000000800000000)
  region size 2048K, 4 young (8192K), 4 survivors (8192K)
 Metaspace       used 66001K, committed 66688K, reserved 1114112K
  class space    used 8017K, committed 8320K, reserved 1048576K
}
Event: 3461.254 GC heap before
{Heap before GC invocations=25 (full 1):
 garbage-first heap   total reserved 4124672K, committed 98304K, used 69948K [0x0000000704400000, 0x0000000800000000)
  region size 2048K, 22 young (45056K), 4 survivors (8192K)
 Metaspace       used 66027K, committed 66688K, reserved 1114112K
  class space    used 8020K, committed 8320K, reserved 1048576K
}
Event: 3461.302 GC heap after
{Heap after GC invocations=26 (full 2):
 garbage-first heap   total reserved 4124672K, committed 98304K, used 28997K [0x0000000704400000, 0x0000000800000000)
  region size 2048K, 0 young (0K), 0 survivors (0K)
 Metaspace       used 65944K, committed 66688K, reserved 1114112K
  class space    used 8005K, committed 8320K, reserved 1048576K
}
Event: 3461.973 GC heap before
{Heap before GC invocations=26 (full 2):
 garbage-first heap   total reserved 4124672K, committed 98304K, used 82245K [0x0000000704400000, 0x0000000800000000)
  region size 2048K, 26 young (53248K), 0 survivors (0K)
 Metaspace       used 66018K, committed 66688K, reserved 1114112K
  class space    used 8023K, committed 8320K, reserved 1048576K
}
Event: 3461.977 GC heap after
{Heap after GC invocations=27 (full 2):
 garbage-first heap   total reserved 4124672K, committed 98304K, used 32108K [0x0000000704400000, 0x0000000800000000)
  region size 2048K, 2 young (4096K), 2 survivors (4096K)
 Metaspace       used 66018K, committed 66688K, reserved 1114112K
  class space    used 8023K, committed 8320K, reserved 1048576K
}
Event: 3472.595 GC heap before
{Heap before GC invocations=28 (full 2):
 garbage-first heap   total reserved 4124672K, committed 98304K, used 81260K [0x0000000704400000, 0x0000000800000000)
  region size 2048K, 27 young (55296K), 2 survivors (4096K)
 Metaspace       used 66117K, committed 66816K, reserved 1114112K
  class space    used 8017K, committed 8320K, reserved 1048576K
}
Event: 3472.599 GC heap after
{Heap after GC invocations=29 (full 2):
 garbage-first heap   total reserved 4124672K, committed 98304K, used 35507K [0x0000000704400000, 0x0000000800000000)
  region size 2048K, 4 young (8192K), 4 survivors (8192K)
 Metaspace       used 66117K, committed 66816K, reserved 1114112K
  class space    used 8017K, committed 8320K, reserved 1048576K
}
Event: 4381.161 GC heap before
{Heap before GC invocations=29 (full 2):
 garbage-first heap   total reserved 4124672K, committed 98304K, used 76467K [0x0000000704400000, 0x0000000800000000)
  region size 2048K, 25 young (51200K), 4 survivors (8192K)
 Metaspace       used 66139K, committed 66816K, reserved 1114112K
  class space    used 8022K, committed 8320K, reserved 1048576K
}
Event: 4381.171 GC heap after
{Heap after GC invocations=30 (full 2):
 garbage-first heap   total reserved 4124672K, committed 98304K, used 36705K [0x0000000704400000, 0x0000000800000000)
  region size 2048K, 3 young (6144K), 3 survivors (6144K)
 Metaspace       used 66139K, committed 66816K, reserved 1114112K
  class space    used 8022K, committed 8320K, reserved 1048576K
}

